c:\temp\курсач т_т\airplan\airplan\debug\airplan.authorization.resources
c:\temp\курсач т_т\airplan\airplan\debug\airplan.gamewin.resources
c:\temp\курсач т_т\airplan\airplan\debug\airplan.myform.resources
c:\temp\курсач т_т\airplan\airplan\debug\airplan.pravila.resources
c:\temp\курсач т_т\airplan\airplan\debug\airplan.registration.resources
c:\temp\курсач т_т\airplan\airplan\debug\vc141.pdb
c:\temp\курсач т_т\airplan\airplan\debug\pravila.obj
c:\temp\курсач т_т\airplan\airplan\debug\myform.obj
c:\temp\курсач т_т\airplan\airplan\debug\gamewin.obj
c:\temp\курсач т_т\airplan\airplan\debug\class.obj
c:\temp\курсач т_т\airplan\airplan\debug\authorization.obj
c:\temp\курсач т_т\airplan\airplan\debug\.netframework,version=v4.6.1.assemblyattributes.obj
c:\temp\курсач т_т\airplan\airplan\debug\.netframework,version=v4.6.1.assemblyattributes.asm
c:\temp\курсач т_т\airplan\debug\airplan.exe
c:\temp\курсач т_т\airplan\debug\airplan.pdb
c:\temp\курсач т_т\airplan\airplan\debug\airplan.vcxproj.generateresource.cache
c:\temp\курсач т_т\airplan\airplan\debug\airplan.vcxprojassemblyreference.cache
c:\temp\курсач т_т\airplan\airplan\debug\registration.obj
c:\temp\курсач т_т\airplan\airplan\debug\airplan.tlog\airplan.write.1u.tlog
c:\temp\курсач т_т\airplan\airplan\debug\airplan.tlog\cl.command.1.tlog
c:\temp\курсач т_т\airplan\airplan\debug\airplan.tlog\cl.read.1.tlog
c:\temp\курсач т_т\airplan\airplan\debug\airplan.tlog\cl.write.1.tlog
c:\temp\курсач т_т\airplan\airplan\debug\airplan.tlog\link.command.1.tlog
c:\temp\курсач т_т\airplan\airplan\debug\airplan.tlog\link.read.1.tlog
c:\temp\курсач т_т\airplan\airplan\debug\airplan.tlog\link.write.1.tlog
c:\temp\курсач т_т\airplan\airplan\debug\airplan.tlog\metagen.read.1.tlog
c:\temp\курсач т_т\airplan\airplan\debug\airplan.tlog\metagen.write.1.tlog
